[debug] [2022-12-02T16:48:05.300Z] ----------------------------------------------------------------------
[debug] [2022-12-02T16:48:05.302Z] Command:       C:\Program Files\nodejs\node.exe C:\Users\milan\AppData\Roaming\npm\node_modules\firebase-tools\lib\bin\firebase.js emulators:start --only functions
[debug] [2022-12-02T16:48:05.303Z] CLI Version:   11.16.1
[debug] [2022-12-02T16:48:05.303Z] Platform:      win32
[debug] [2022-12-02T16:48:05.303Z] Node Version:  v18.12.1
[debug] [2022-12-02T16:48:05.304Z] Time:          Fri Dec 02 2022 22:18:05 GMT+0530 (India Standard Time)
[debug] [2022-12-02T16:48:05.304Z] ----------------------------------------------------------------------
[debug] 
[debug] [2022-12-02T16:48:05.467Z] > command requires scopes: ["email","openid","https://www.googleapis.com/auth/cloudplatformprojects.readonly","https://www.googleapis.com/auth/firebase","https://www.googleapis.com/auth/cloud-platform"]
[debug] [2022-12-02T16:48:05.468Z] > authorizing via signed-in user (milansharma449@gmail.com)
[info] i  emulators: Starting emulators: functions {"metadata":{"emulator":{"name":"hub"},"message":"Starting emulators: functions"}}
[debug] [2022-12-02T16:48:05.479Z] [logging] Logging Emulator only supports listening on one address (127.0.0.1). Not listening on ::1
[debug] [2022-12-02T16:48:05.486Z] assigned listening specs for emulators {"user":{"hub":[{"address":"127.0.0.1","family":"IPv4","port":4400},{"address":"::1","family":"IPv6","port":4400}],"ui":[{"address":"127.0.0.1","family":"IPv4","port":4000},{"address":"::1","family":"IPv6","port":4000}],"logging":[{"address":"127.0.0.1","family":"IPv4","port":4500}]},"metadata":{"message":"assigned listening specs for emulators"}}
[debug] [2022-12-02T16:48:05.498Z] [hub] writing locator at C:\Users\milan\AppData\Local\Temp\hub-chat-web-app-d4c52.json
[debug] [2022-12-02T16:48:05.521Z] [functions] Functions Emulator only supports listening on one address (127.0.0.1). Not listening on ::1
[debug] [2022-12-02T16:48:05.521Z] [eventarc] Eventarc Emulator only supports listening on one address (127.0.0.1). Not listening on ::1
[debug] [2022-12-02T16:48:05.522Z] late-assigned ports for functions and eventarc emulators {"user":{"hub":[{"address":"127.0.0.1","family":"IPv4","port":4400},{"address":"::1","family":"IPv6","port":4400}],"ui":[{"address":"127.0.0.1","family":"IPv4","port":4000},{"address":"::1","family":"IPv6","port":4000}],"logging":[{"address":"127.0.0.1","family":"IPv4","port":4500}],"functions":[{"address":"127.0.0.1","family":"IPv4","port":5001}],"eventarc":[{"address":"127.0.0.1","family":"IPv4","port":9299}]},"metadata":{"message":"late-assigned ports for functions and eventarc emulators"}}
[warn] !  functions: The following emulators are not running, calls to these services from the Functions emulator will affect production: auth, firestore, database, hosting, pubsub, storage {"metadata":{"emulator":{"name":"functions"},"message":"The following emulators are not running, calls to these services from the Functions emulator will affect production: \u001b[1mauth, firestore, database, hosting, pubsub, storage\u001b[22m"}}
[warn] !  Your requested "node" version "10" doesn't match your global version "18". Using node@18 from host. {"metadata":{"emulator":{"name":"functions"},"message":"Your requested \"node\" version \"10\" doesn't match your global version \"18\". Using node@18 from host."}}
[debug] [2022-12-02T16:48:05.549Z] defaultcredentials: writing to file C:\Users\milan\AppData\Roaming\firebase\milansharma449_gmail_com_application_default_credentials.json
[debug] [2022-12-02T16:48:05.554Z] Setting GAC to C:\Users\milan\AppData\Roaming\firebase\milansharma449_gmail_com_application_default_credentials.json {"metadata":{"emulator":{"name":"functions"},"message":"Setting GAC to C:\\Users\\milan\\AppData\\Roaming\\firebase\\milansharma449_gmail_com_application_default_credentials.json"}}
[debug] [2022-12-02T16:48:05.555Z] > refreshing access token with scopes: []
[debug] [2022-12-02T16:48:05.557Z] >>> [apiv2][query] POST https://www.googleapis.com/oauth2/v3/token [none]
[debug] [2022-12-02T16:48:05.557Z] >>> [apiv2][body] POST https://www.googleapis.com/oauth2/v3/token [omitted]
[debug] [2022-12-02T16:48:05.862Z] <<< [apiv2][status] POST https://www.googleapis.com/oauth2/v3/token 200
[debug] [2022-12-02T16:48:05.863Z] <<< [apiv2][body] POST https://www.googleapis.com/oauth2/v3/token [omitted]
[debug] [2022-12-02T16:48:05.870Z] >>> [apiv2][query] GET https://firebase.googleapis.com/v1beta1/projects/chat-web-app-d4c52/adminSdkConfig [none]
[debug] [2022-12-02T16:48:06.420Z] <<< [apiv2][status] GET https://firebase.googleapis.com/v1beta1/projects/chat-web-app-d4c52/adminSdkConfig 200
[debug] [2022-12-02T16:48:06.420Z] <<< [apiv2][body] GET https://firebase.googleapis.com/v1beta1/projects/chat-web-app-d4c52/adminSdkConfig {"projectId":"chat-web-app-d4c52","databaseURL":"https://chat-web-app-d4c52-default-rtdb.asia-southeast1.firebasedatabase.app","storageBucket":"chat-web-app-d4c52.appspot.com","locationId":"asia-south1"}
[debug] [2022-12-02T16:48:06.449Z] Ignoring unsupported arg: auto_download {"metadata":{"emulator":{"name":"ui"},"message":"Ignoring unsupported arg: auto_download"}}
[debug] [2022-12-02T16:48:06.449Z] Ignoring unsupported arg: port {"metadata":{"emulator":{"name":"ui"},"message":"Ignoring unsupported arg: port"}}
[debug] [2022-12-02T16:48:06.449Z] Starting Emulator UI with command {"binary":"node","args":["C:\\Users\\milan\\.cache\\firebase\\emulators\\ui-v1.11.1\\server\\server.js"],"optionalArgs":[],"joinArgs":false} {"metadata":{"emulator":{"name":"ui"},"message":"Starting Emulator UI with command {\"binary\":\"node\",\"args\":[\"C:\\\\Users\\\\milan\\\\.cache\\\\firebase\\\\emulators\\\\ui-v1.11.1\\\\server\\\\server.js\"],\"optionalArgs\":[],\"joinArgs\":false}"}}
[info] i  ui: Emulator UI logging to ui-debug.log {"metadata":{"emulator":{"name":"ui"},"message":"Emulator UI logging to \u001b[1mui-debug.log\u001b[22m"}}
[debug] [2022-12-02T16:48:06.611Z] Web / API server started at 127.0.0.1:4000
 {"metadata":{"emulator":{"name":"ui"},"message":"Web / API server started at 127.0.0.1:4000\n"}}
[debug] [2022-12-02T16:48:06.611Z] Web / API server started at ::1:4000
 {"metadata":{"emulator":{"name":"ui"},"message":"Web / API server started at ::1:4000\n"}}
[info] i  functions: Watching "F:\Projects\New\.vscode\React\chat-app\functions" for Cloud Functions... {"metadata":{"emulator":{"name":"functions"},"message":"Watching \"F:\\Projects\\New\\.vscode\\React\\chat-app\\functions\" for Cloud Functions..."}}
[debug] [2022-12-02T16:48:06.719Z] Validating nodejs source
[warn] !  functions: package.json indicates an outdated version of firebase-functions. Please upgrade using npm install --save firebase-functions@latest in your functions directory. 
[warn] !  functions: Please note that there will be breaking changes when you upgrade. 
[debug] [2022-12-02T16:48:10.937Z] > [functions] package.json contents: {
  "name": "functions",
  "description": "Cloud Functions for Firebase",
  "scripts": {
    "lint": "eslint .",
    "serve": "firebase emulators:start --only functions",
    "shell": "firebase functions:shell",
    "start": "npm run serve",
    "deploy": "firebase deploy --only functions",
    "logs": "firebase functions:log"
  },
  "engines": {
    "node": "10"
  },
  "main": "index.js",
  "dependencies": {
    "firebase-admin": "^10.0.2",
    "firebase-functions": "^3.18.0"
  },
  "devDependencies": {
    "eslint": "^8.9.0",
    "eslint-config-google": "^0.14.0",
    "firebase-functions-test": "^0.2.0"
  },
  "private": true
}
[debug] [2022-12-02T16:48:10.938Z] Building nodejs source
[debug] [2022-12-02T16:48:10.938Z] Analyzing nodejs backend spec
[debug] [2022-12-02T16:48:10.939Z] Could not find functions.yaml. Must use http discovery
[debug] [2022-12-02T16:48:11.221Z] Serving at port 9005

[debug] [2022-12-02T16:48:11.754Z] Got response from /__/functions.yaml {"endpoints":{"sendFcm-sendFcm":{"platform":"gcfv1","labels":{},"region":["asia-south1"],"callableTrigger":{},"entryPoint":"sendFcm.sendFcm"}},"specVersion":"v1alpha1","requiredAPIs":[]}
[debug] [2022-12-02T16:48:11.760Z] shutdown requested via /__/quitquitquit

[info] +  functions: Loaded functions definitions from source: sendFcm.sendFcm. {"metadata":{"emulator":{"name":"functions"},"message":"Loaded functions definitions from source: sendFcm.sendFcm."}}
[info] +  functions[asia-south1-sendFcm-sendFcm]: http function initialized (http://127.0.0.1:5001/chat-web-app-d4c52/asia-south1/sendFcm-sendFcm). {"metadata":{"emulator":{"name":"functions"},"message":"\u001b[1mhttp\u001b[22m function initialized (http://127.0.0.1:5001/chat-web-app-d4c52/asia-south1/sendFcm-sendFcm)."}}
[info] 
┌─────────────────────────────────────────────────────────────┐
│ ✔  All emulators ready! It is now safe to connect your app. │
│ i  View Emulator UI at http://127.0.0.1:4000/               │
└─────────────────────────────────────────────────────────────┘

┌───────────┬────────────────┬─────────────────────────────────┐
│ Emulator  │ Host:Port      │ View in Emulator UI             │
├───────────┼────────────────┼─────────────────────────────────┤
│ Functions │ 127.0.0.1:5001 │ http://127.0.0.1:4000/functions │
└───────────┴────────────────┴─────────────────────────────────┘
  Emulator Hub running at 127.0.0.1:4400
  Other reserved ports: 4500

Issues? Report them at https://github.com/firebase/firebase-tools/issues and attach the *-debug.log files.
 
[debug] [2022-12-02T16:50:45.593Z] [work-queue] {"queueLength":1,"workRunningCount":0}
[debug] [2022-12-02T16:50:45.593Z] [work-queue] {"queueLength":0,"workRunningCount":1}
[debug] [2022-12-02T16:50:45.596Z] [work-queue] {"queueLength":0,"workRunningCount":0}
[debug] [2022-12-02T16:52:49.619Z] [work-queue] {"queueLength":1,"workRunningCount":0}
[debug] [2022-12-02T16:52:49.619Z] [work-queue] {"queueLength":0,"workRunningCount":1}
[debug] [2022-12-02T16:52:49.620Z] [work-queue] {"queueLength":0,"workRunningCount":0}
[debug] [2022-12-02T16:54:11.692Z] [work-queue] {"queueLength":1,"workRunningCount":0}
[debug] [2022-12-02T16:54:11.692Z] [work-queue] {"queueLength":0,"workRunningCount":1}
[debug] [2022-12-02T16:54:11.692Z] [work-queue] {"queueLength":0,"workRunningCount":0}
[debug] [2022-12-02T17:01:07.519Z] [work-queue] {"queueLength":1,"workRunningCount":0}
[debug] [2022-12-02T17:01:07.519Z] [work-queue] {"queueLength":0,"workRunningCount":1}
[debug] [2022-12-02T17:01:07.519Z] [work-queue] {"queueLength":0,"workRunningCount":0}
[debug] [2022-12-02T17:01:21.799Z] [work-queue] {"queueLength":1,"workRunningCount":0}
[debug] [2022-12-02T17:01:21.799Z] [work-queue] {"queueLength":0,"workRunningCount":1}
[debug] [2022-12-02T17:01:21.799Z] [work-queue] {"queueLength":0,"workRunningCount":0}
[debug] [2022-12-02T17:03:09.605Z] [work-queue] {"queueLength":1,"workRunningCount":0}
[debug] [2022-12-02T17:03:09.605Z] [work-queue] {"queueLength":0,"workRunningCount":1}
[debug] [2022-12-02T17:03:09.606Z] [work-queue] {"queueLength":0,"workRunningCount":0}
[debug] [2022-12-02T17:10:59.652Z] [work-queue] {"queueLength":1,"workRunningCount":0}
[debug] [2022-12-02T17:10:59.653Z] [work-queue] {"queueLength":0,"workRunningCount":1}
[debug] [2022-12-02T17:10:59.653Z] [work-queue] {"queueLength":0,"workRunningCount":0}
[debug] [2022-12-02T17:35:11.610Z] [work-queue] {"queueLength":1,"workRunningCount":0}
[debug] [2022-12-02T17:35:11.610Z] [work-queue] {"queueLength":0,"workRunningCount":1}
[debug] [2022-12-02T17:35:11.611Z] [work-queue] {"queueLength":0,"workRunningCount":0}
[debug] [2022-12-02T17:35:28.999Z] [work-queue] {"queueLength":1,"workRunningCount":0}
[debug] [2022-12-02T17:35:28.999Z] [work-queue] {"queueLength":0,"workRunningCount":1}
[debug] [2022-12-02T17:35:29.000Z] [work-queue] {"queueLength":0,"workRunningCount":0}
[debug] [2022-12-02T17:40:49.139Z] [work-queue] {"queueLength":1,"workRunningCount":0}
[debug] [2022-12-02T17:40:49.139Z] [work-queue] {"queueLength":0,"workRunningCount":1}
[debug] [2022-12-02T17:40:49.141Z] [work-queue] {"queueLength":0,"workRunningCount":0}
[debug] [2022-12-03T04:56:38.935Z] Received signal SIGHUP 1
[debug] [2022-12-06T09:45:05.478Z] ----------------------------------------------------------------------
[debug] [2022-12-06T09:45:05.482Z] Command:       C:\Program Files\nodejs\node.exe C:\Users\milan\AppData\Roaming\npm\node_modules\firebase-tools\lib\bin\firebase.js emulators:start --only functions
[debug] [2022-12-06T09:45:05.484Z] CLI Version:   11.16.1
[debug] [2022-12-06T09:45:05.484Z] Platform:      win32
[debug] [2022-12-06T09:45:05.485Z] Node Version:  v18.12.1
[debug] [2022-12-06T09:45:05.487Z] Time:          Tue Dec 06 2022 15:15:05 GMT+0530 (India Standard Time)
[debug] [2022-12-06T09:45:05.488Z] ----------------------------------------------------------------------
[debug] 
[debug] [2022-12-06T09:45:05.502Z] >>> [apiv2][query] GET https://firebase-public.firebaseio.com/cli.json [none]
[debug] [2022-12-06T09:45:06.464Z] > command requires scopes: ["email","openid","https://www.googleapis.com/auth/cloudplatformprojects.readonly","https://www.googleapis.com/auth/firebase","https://www.googleapis.com/auth/cloud-platform"]
[debug] [2022-12-06T09:45:06.467Z] > authorizing via signed-in user (milansharma449@gmail.com)
[info] i  emulators: Starting emulators: functions {"metadata":{"emulator":{"name":"hub"},"message":"Starting emulators: functions"}}
[debug] [2022-12-06T09:45:06.584Z] [logging] Logging Emulator only supports listening on one address (127.0.0.1). Not listening on ::1
[debug] [2022-12-06T09:45:06.585Z] assigned listening specs for emulators {"user":{"hub":[{"address":"127.0.0.1","family":"IPv4","port":4400},{"address":"::1","family":"IPv6","port":4400}],"ui":[{"address":"127.0.0.1","family":"IPv4","port":4000},{"address":"::1","family":"IPv6","port":4000}],"logging":[{"address":"127.0.0.1","family":"IPv4","port":4500}]},"metadata":{"message":"assigned listening specs for emulators"}}
[warn] !  emulators: It seems that you are running multiple instances of the emulator suite for project chat-web-app-d4c52. This may result in unexpected behavior. 
[debug] [2022-12-06T09:45:06.665Z] [hub] writing locator at C:\Users\milan\AppData\Local\Temp\hub-chat-web-app-d4c52.json
[debug] [2022-12-06T09:45:06.756Z] [functions] Functions Emulator only supports listening on one address (127.0.0.1). Not listening on ::1
[debug] [2022-12-06T09:45:06.757Z] [eventarc] Eventarc Emulator only supports listening on one address (127.0.0.1). Not listening on ::1
[debug] [2022-12-06T09:45:06.758Z] late-assigned ports for functions and eventarc emulators {"user":{"hub":[{"address":"127.0.0.1","family":"IPv4","port":4400},{"address":"::1","family":"IPv6","port":4400}],"ui":[{"address":"127.0.0.1","family":"IPv4","port":4000},{"address":"::1","family":"IPv6","port":4000}],"logging":[{"address":"127.0.0.1","family":"IPv4","port":4500}],"functions":[{"address":"127.0.0.1","family":"IPv4","port":5001}],"eventarc":[{"address":"127.0.0.1","family":"IPv4","port":9299}]},"metadata":{"message":"late-assigned ports for functions and eventarc emulators"}}
[warn] !  functions: The following emulators are not running, calls to these services from the Functions emulator will affect production: auth, firestore, database, hosting, pubsub, storage {"metadata":{"emulator":{"name":"functions"},"message":"The following emulators are not running, calls to these services from the Functions emulator will affect production: \u001b[1mauth, firestore, database, hosting, pubsub, storage\u001b[22m"}}
[warn] !  Your requested "node" version "10" doesn't match your global version "18". Using node@18 from host. {"metadata":{"emulator":{"name":"functions"},"message":"Your requested \"node\" version \"10\" doesn't match your global version \"18\". Using node@18 from host."}}
[debug] [2022-12-06T09:45:07.009Z] defaultcredentials: writing to file C:\Users\milan\AppData\Roaming\firebase\milansharma449_gmail_com_application_default_credentials.json
[debug] [2022-12-06T09:45:07.082Z] Setting GAC to C:\Users\milan\AppData\Roaming\firebase\milansharma449_gmail_com_application_default_credentials.json {"metadata":{"emulator":{"name":"functions"},"message":"Setting GAC to C:\\Users\\milan\\AppData\\Roaming\\firebase\\milansharma449_gmail_com_application_default_credentials.json"}}
[debug] [2022-12-06T09:45:07.086Z] > refreshing access token with scopes: []
[debug] [2022-12-06T09:45:07.090Z] >>> [apiv2][query] POST https://www.googleapis.com/oauth2/v3/token [none]
[debug] [2022-12-06T09:45:07.094Z] >>> [apiv2][body] POST https://www.googleapis.com/oauth2/v3/token [omitted]
[debug] [2022-12-06T09:45:07.485Z] <<< [apiv2][status] POST https://www.googleapis.com/oauth2/v3/token 200
[debug] [2022-12-06T09:45:07.486Z] <<< [apiv2][body] POST https://www.googleapis.com/oauth2/v3/token [omitted]
[debug] [2022-12-06T09:45:07.549Z] >>> [apiv2][query] GET https://firebase.googleapis.com/v1beta1/projects/chat-web-app-d4c52/adminSdkConfig [none]
[debug] [2022-12-06T09:45:07.734Z] <<< [apiv2][status] GET https://firebase-public.firebaseio.com/cli.json 200
[debug] [2022-12-06T09:45:07.734Z] <<< [apiv2][body] GET https://firebase-public.firebaseio.com/cli.json {"cloudBuildErrorAfter":1594252800000,"cloudBuildWarnAfter":1590019200000,"defaultNode10After":1594252800000,"minVersion":"3.0.5","node8DeploysDisabledAfter":1613390400000,"node8RuntimeDisabledAfter":1615809600000,"node8WarnAfter":1600128000000}
[debug] [2022-12-06T09:45:08.385Z] <<< [apiv2][status] GET https://firebase.googleapis.com/v1beta1/projects/chat-web-app-d4c52/adminSdkConfig 200
[debug] [2022-12-06T09:45:08.386Z] <<< [apiv2][body] GET https://firebase.googleapis.com/v1beta1/projects/chat-web-app-d4c52/adminSdkConfig {"projectId":"chat-web-app-d4c52","databaseURL":"https://chat-web-app-d4c52-default-rtdb.asia-southeast1.firebasedatabase.app","storageBucket":"chat-web-app-d4c52.appspot.com","locationId":"asia-south1"}
[debug] [2022-12-06T09:45:08.479Z] Ignoring unsupported arg: auto_download {"metadata":{"emulator":{"name":"ui"},"message":"Ignoring unsupported arg: auto_download"}}
[debug] [2022-12-06T09:45:08.479Z] Ignoring unsupported arg: port {"metadata":{"emulator":{"name":"ui"},"message":"Ignoring unsupported arg: port"}}
[debug] [2022-12-06T09:45:08.480Z] Starting Emulator UI with command {"binary":"node","args":["C:\\Users\\milan\\.cache\\firebase\\emulators\\ui-v1.11.1\\server\\server.js"],"optionalArgs":[],"joinArgs":false} {"metadata":{"emulator":{"name":"ui"},"message":"Starting Emulator UI with command {\"binary\":\"node\",\"args\":[\"C:\\\\Users\\\\milan\\\\.cache\\\\firebase\\\\emulators\\\\ui-v1.11.1\\\\server\\\\server.js\"],\"optionalArgs\":[],\"joinArgs\":false}"}}
[info] i  ui: Emulator UI logging to ui-debug.log {"metadata":{"emulator":{"name":"ui"},"message":"Emulator UI logging to \u001b[1mui-debug.log\u001b[22m"}}
[debug] [2022-12-06T09:45:09.276Z] Web / API server started at 127.0.0.1:4000
 {"metadata":{"emulator":{"name":"ui"},"message":"Web / API server started at 127.0.0.1:4000\n"}}
[debug] [2022-12-06T09:45:09.277Z] Web / API server started at ::1:4000
 {"metadata":{"emulator":{"name":"ui"},"message":"Web / API server started at ::1:4000\n"}}
[info] i  functions: Watching "F:\Projects\New\.vscode\React\chat-app\functions" for Cloud Functions... {"metadata":{"emulator":{"name":"functions"},"message":"Watching \"F:\\Projects\\New\\.vscode\\React\\chat-app\\functions\" for Cloud Functions..."}}
[debug] [2022-12-06T09:45:09.339Z] Validating nodejs source
[warn] !  functions: package.json indicates an outdated version of firebase-functions. Please upgrade using npm install --save firebase-functions@latest in your functions directory. 
[warn] !  functions: Please note that there will be breaking changes when you upgrade. 
[debug] [2022-12-06T09:45:20.978Z] > [functions] package.json contents: {
  "name": "functions",
  "description": "Cloud Functions for Firebase",
  "scripts": {
    "lint": "eslint .",
    "serve": "firebase emulators:start --only functions",
    "shell": "firebase functions:shell",
    "start": "npm run serve",
    "deploy": "firebase deploy --only functions",
    "logs": "firebase functions:log"
  },
  "engines": {
    "node": "10"
  },
  "main": "index.js",
  "dependencies": {
    "firebase-admin": "^10.0.2",
    "firebase-functions": "^3.18.0"
  },
  "devDependencies": {
    "eslint": "^8.9.0",
    "eslint-config-google": "^0.14.0",
    "firebase-functions-test": "^0.2.0"
  },
  "private": true
}
[debug] [2022-12-06T09:45:20.978Z] Building nodejs source
[debug] [2022-12-06T09:45:20.979Z] Analyzing nodejs backend spec
[debug] [2022-12-06T09:45:20.982Z] Could not find functions.yaml. Must use http discovery
[debug] [2022-12-06T09:45:23.278Z] Serving at port 9005

[debug] [2022-12-06T09:45:25.266Z] Got response from /__/functions.yaml {"endpoints":{"sendFcm":{"platform":"gcfv1","labels":{},"region":["asia-south1"],"callableTrigger":{},"entryPoint":"sendFcm"}},"specVersion":"v1alpha1","requiredAPIs":[]}
[debug] [2022-12-06T09:45:25.280Z] shutdown requested via /__/quitquitquit

[info] +  functions: Loaded functions definitions from source: sendFcm. {"metadata":{"emulator":{"name":"functions"},"message":"Loaded functions definitions from source: sendFcm."}}
[info] +  functions[asia-south1-sendFcm]: http function initialized (http://127.0.0.1:5001/chat-web-app-d4c52/asia-south1/sendFcm). {"metadata":{"emulator":{"name":"functions"},"message":"\u001b[1mhttp\u001b[22m function initialized (http://127.0.0.1:5001/chat-web-app-d4c52/asia-south1/sendFcm)."}}
[info] 
┌─────────────────────────────────────────────────────────────┐
│ ✔  All emulators ready! It is now safe to connect your app. │
│ i  View Emulator UI at http://127.0.0.1:4000/               │
└─────────────────────────────────────────────────────────────┘

┌───────────┬────────────────┬─────────────────────────────────┐
│ Emulator  │ Host:Port      │ View in Emulator UI             │
├───────────┼────────────────┼─────────────────────────────────┤
│ Functions │ 127.0.0.1:5001 │ http://127.0.0.1:4000/functions │
└───────────┴────────────────┴─────────────────────────────────┘
  Emulator Hub running at 127.0.0.1:4400
  Other reserved ports: 4500

Issues? Report them at https://github.com/firebase/firebase-tools/issues and attach the *-debug.log files.
 
[debug] [2022-12-06T09:48:17.348Z] [work-queue] {"queueLength":1,"workRunningCount":0}
[debug] [2022-12-06T09:48:17.348Z] [work-queue] {"queueLength":0,"workRunningCount":1}
[debug] [2022-12-06T09:48:17.349Z] Accepted request OPTIONS /chat-web-app-d4c52/asia-south1/sendFcm --> asia-south1-sendFcm
[debug] [2022-12-06T09:48:17.357Z] [functions] Runtime ready! Sending request! {"metadata":{"emulator":{"name":"functions"},"message":"[functions] Runtime ready! Sending request!"}}
[debug] [2022-12-06T09:48:17.358Z] [functions] Got req.url=/chat-web-app-d4c52/asia-south1/sendFcm, mapping to path=/ {"metadata":{"emulator":{"name":"functions"},"message":"[functions] Got req.url=/chat-web-app-d4c52/asia-south1/sendFcm, mapping to path=/"}}
[debug] [2022-12-06T09:48:17.373Z] [worker-pool] addWorker(asia-south1-sendFcm) {"metadata":{"emulator":{"name":"functions"},"message":"[worker-pool] addWorker(asia-south1-sendFcm)"}}
[debug] [2022-12-06T09:48:17.374Z] [worker-pool] Adding worker with key asia-south1-sendFcm, total=1 {"metadata":{"emulator":{"name":"functions"},"message":"[worker-pool] Adding worker with key asia-south1-sendFcm, total=1"}}
[debug] [2022-12-06T09:48:20.114Z] [runtime-status] [3908] Resolved module firebase-admin {"declared":true,"installed":true,"version":"10.3.0","resolution":"F:\\Projects\\New\\.vscode\\React\\chat-app\\functions\\node_modules\\firebase-admin\\lib\\index.js"} {"metadata":{"emulator":{"name":"functions"},"function":{"name":"asia-south1-sendFcm"},"extension":{},"message":"[runtime-status] [3908] Resolved module firebase-admin {\"declared\":true,\"installed\":true,\"version\":\"10.3.0\",\"resolution\":\"F:\\\\Projects\\\\New\\\\.vscode\\\\React\\\\chat-app\\\\functions\\\\node_modules\\\\firebase-admin\\\\lib\\\\index.js\"}"}}
[debug] [2022-12-06T09:48:20.125Z] [runtime-status] [3908] Resolved module firebase-functions {"declared":true,"installed":true,"version":"3.24.1","resolution":"F:\\Projects\\New\\.vscode\\React\\chat-app\\functions\\node_modules\\firebase-functions\\lib\\index.js"} {"metadata":{"emulator":{"name":"functions"},"function":{"name":"asia-south1-sendFcm"},"extension":{},"message":"[runtime-status] [3908] Resolved module firebase-functions {\"declared\":true,\"installed\":true,\"version\":\"3.24.1\",\"resolution\":\"F:\\\\Projects\\\\New\\\\.vscode\\\\React\\\\chat-app\\\\functions\\\\node_modules\\\\firebase-functions\\\\lib\\\\index.js\"}"}}
[debug] [2022-12-06T09:48:20.126Z] [runtime-status] [3908] Outgoing network have been stubbed. [{"name":"http","status":"mocked"},{"name":"http","status":"mocked"},{"name":"https","status":"mocked"},{"name":"https","status":"mocked"},{"name":"net","status":"mocked"}] {"metadata":{"emulator":{"name":"functions"},"function":{"name":"asia-south1-sendFcm"},"extension":{},"message":"[runtime-status] [3908] Outgoing network have been stubbed. [{\"name\":\"http\",\"status\":\"mocked\"},{\"name\":\"http\",\"status\":\"mocked\"},{\"name\":\"https\",\"status\":\"mocked\"},{\"name\":\"https\",\"status\":\"mocked\"},{\"name\":\"net\",\"status\":\"mocked\"}]"}}
[debug] [2022-12-06T09:48:20.129Z] [runtime-status] [3908] Resolved module firebase-functions {"declared":true,"installed":true,"version":"3.24.1","resolution":"F:\\Projects\\New\\.vscode\\React\\chat-app\\functions\\node_modules\\firebase-functions\\lib\\index.js"} {"metadata":{"emulator":{"name":"functions"},"function":{"name":"asia-south1-sendFcm"},"extension":{},"message":"[runtime-status] [3908] Resolved module firebase-functions {\"declared\":true,\"installed\":true,\"version\":\"3.24.1\",\"resolution\":\"F:\\\\Projects\\\\New\\\\.vscode\\\\React\\\\chat-app\\\\functions\\\\node_modules\\\\firebase-functions\\\\lib\\\\index.js\"}"}}
[debug] [2022-12-06T09:48:20.265Z] [runtime-status] [3908] Checked functions.config() {"config":{}} {"metadata":{"emulator":{"name":"functions"},"function":{"name":"asia-south1-sendFcm"},"extension":{},"message":"[runtime-status] [3908] Checked functions.config() {\"config\":{}}"}}
[debug] [2022-12-06T09:48:20.265Z] [runtime-status] [3908] firebase-functions has been stubbed. {"functionsResolution":{"declared":true,"installed":true,"version":"3.24.1","resolution":"F:\\Projects\\New\\.vscode\\React\\chat-app\\functions\\node_modules\\firebase-functions\\lib\\index.js"}} {"metadata":{"emulator":{"name":"functions"},"function":{"name":"asia-south1-sendFcm"},"extension":{},"message":"[runtime-status] [3908] firebase-functions has been stubbed. {\"functionsResolution\":{\"declared\":true,\"installed\":true,\"version\":\"3.24.1\",\"resolution\":\"F:\\\\Projects\\\\New\\\\.vscode\\\\React\\\\chat-app\\\\functions\\\\node_modules\\\\firebase-functions\\\\lib\\\\index.js\"}}"}}
[debug] [2022-12-06T09:48:20.267Z] [runtime-status] [3908] Resolved module firebase-functions {"declared":true,"installed":true,"version":"3.24.1","resolution":"F:\\Projects\\New\\.vscode\\React\\chat-app\\functions\\node_modules\\firebase-functions\\lib\\index.js"} {"metadata":{"emulator":{"name":"functions"},"function":{"name":"asia-south1-sendFcm"},"extension":{},"message":"[runtime-status] [3908] Resolved module firebase-functions {\"declared\":true,\"installed\":true,\"version\":\"3.24.1\",\"resolution\":\"F:\\\\Projects\\\\New\\\\.vscode\\\\React\\\\chat-app\\\\functions\\\\node_modules\\\\firebase-functions\\\\lib\\\\index.js\"}"}}
[debug] [2022-12-06T09:48:20.271Z] [runtime-status] [3908] Resolved module firebase-admin {"declared":true,"installed":true,"version":"10.3.0","resolution":"F:\\Projects\\New\\.vscode\\React\\chat-app\\functions\\node_modules\\firebase-admin\\lib\\index.js"} {"metadata":{"emulator":{"name":"functions"},"function":{"name":"asia-south1-sendFcm"},"extension":{},"message":"[runtime-status] [3908] Resolved module firebase-admin {\"declared\":true,\"installed\":true,\"version\":\"10.3.0\",\"resolution\":\"F:\\\\Projects\\\\New\\\\.vscode\\\\React\\\\chat-app\\\\functions\\\\node_modules\\\\firebase-admin\\\\lib\\\\index.js\"}"}}
[debug] [2022-12-06T09:48:20.273Z] [runtime-status] [3908] Resolved module firebase-functions {"declared":true,"installed":true,"version":"3.24.1","resolution":"F:\\Projects\\New\\.vscode\\React\\chat-app\\functions\\node_modules\\firebase-functions\\lib\\index.js"} {"metadata":{"emulator":{"name":"functions"},"function":{"name":"asia-south1-sendFcm"},"extension":{},"message":"[runtime-status] [3908] Resolved module firebase-functions {\"declared\":true,\"installed\":true,\"version\":\"3.24.1\",\"resolution\":\"F:\\\\Projects\\\\New\\\\.vscode\\\\React\\\\chat-app\\\\functions\\\\node_modules\\\\firebase-functions\\\\lib\\\\index.js\"}"}}
[debug] [2022-12-06T09:48:20.274Z] [runtime-status] [3908] firebase-admin has been stubbed. {"adminResolution":{"declared":true,"installed":true,"version":"10.3.0","resolution":"F:\\Projects\\New\\.vscode\\React\\chat-app\\functions\\node_modules\\firebase-admin\\lib\\index.js"}} {"metadata":{"emulator":{"name":"functions"},"function":{"name":"asia-south1-sendFcm"},"extension":{},"message":"[runtime-status] [3908] firebase-admin has been stubbed. {\"adminResolution\":{\"declared\":true,\"installed\":true,\"version\":\"10.3.0\",\"resolution\":\"F:\\\\Projects\\\\New\\\\.vscode\\\\React\\\\chat-app\\\\functions\\\\node_modules\\\\firebase-admin\\\\lib\\\\index.js\"}}"}}
[debug] [2022-12-06T09:48:20.379Z] [runtime-status] [3908] initializeApp(DEFAULT) {"credential":{"implicit":false,"projectId":"chat-web-app-d4c52","privateKey":"-----BEGIN PRIVATE KEY-----\nMIIEvgIBADANBgkqhkiG9w0BAQEFAASCBKgwggSkAgEAAoIBAQCtj+nk+hRimlh8\nMflyzjFfYBC5flM+D2wYL6JZT0FqJDmI3Hguglaosml89vj9p9rmKCT4lxPNzQET\nW8U/RF7NaFhVb+axxnHQd0zGadbWDcz26xTW+bkdIEry9qCy1GZSQ3odwI0ltKY7\n6D1LBxshtu6oYSFhfC4cmcrSEHeosH9PAiKoSvHGQr8qT6xNr7PMeukHD5aOBe3E\nZToHyrqvdqKn0d2zjwZaMNggLkdJlFC/Dac6ovZwAmc/Z5JomM88enHlAAj7RV9B\nG5DAiTi2Jpr7ErgyF5jehYvMhlTl+OmZqskApAVJuHhSgjJpnt6a7X0NKGnERTEk\n01EQ4Xn7AgMBAAECggEAM3OKPtrz2BcxS//0ltgRQtjTnGmae7dOsAzO7/LSzYhX\nlf7lkcQJtJDPPMBqJ6fu+HPGIfuHX2b6fqah3pOCFxprtUgq92CAtO/ozpjpmyMU\nM86UqvX0rnG4RjZehST6AEEInnFKZncbIH9ETE2a+W+laD0DDEcn1EqzGXrQPi03\nPaUIuNfiKoMMIAjYNDa+h898KLlR3EZG8kkLk5FSAy+9beX/AYy3flpNlU2CbKPI\nbIxVOkI4POQ2WvTSE4zm1FvQbARLJSUyZ4BQZiwLVjwI8ZPyCjylRhiM3E4CSRJ2\n3ZEw6O/LHyicaRvtJ1B62+lg7aR8RCiMndzzWBlmgQKBgQDbRKMlE43ZkLgp5Of7\n0NJdc3CJX2zVGtO6H9vKYzjm2DxpA/zDAD4BvOrcq2Y+UjmU/tr7U7VIjFUjTqLD\nxLkdDMpI5tH9AtY+r7zgcQJOm6HJcDH4vKFlOdcRXTrQ7sQgkwOq2owYGpRjWxzn\neo0a6w6eAP/VXtE3em2gRlkqSwKBgQDKoyqRdA1UDaA2CnchKYxKMQJPUBG5NOTj\n45M3FGcqlyoxqNjjJx5MuvoIHHSnzFDqcfhailQpjX6GGWrE7+QykKKNI6U6s/Zu\n4cP+Y+s/4Zpi/mahOo1YxBI2578RmkXqfqq40SwqVqzPhy1XHomKLZMeoCRxftjm\nV8i2QkYhEQKBgQC8bj/FnQhJ8BRT7GNwBATESnBrnZXpjSRmzvoS8zHzL+C6XrLY\n4VxoIfGzsZgr9n2FjX6ifU1NC0wfC3TUyDpMvLEZ9UKAK+/x7xRhzLwu0ZA3jDNl\njrUkSJCKW5Qv+QCS/cQpD6dVD4J139b3Flosx9PH9RPmSZWCF7QeCFaYAQKBgQCw\nvs8jXZE+jj/+wvQT1dSK5eJ44YMEA1HeQCKo+T/fE0j3VaoPv5AbJz9tEbzim0C8\nrToNZvhv4f3I46SQMBnfzO4rozq8UDoTjxJP8kFAT/xEeld0K8kb8rFceJjctq5j\nEabBW5llOIK05Ng0U+ttvcDEBrSi1hxEFa944aefsQKBgDz8x8OdH60pQHAjXILo\nwOuRr2+ROvU27GlgEdMb32z6vfTmsApvETM22gQ/HULJ4wLBoxV7m1kwy6p9qna6\ns7SBL/2cUi33InPxGme7cFKlje3/rkItsofATfQYL4oK2MkIY63URHowRQtwMEWb\ni88XFlQk1nA1uP8OB1oLm/+R\n-----END PRIVATE KEY-----\n","clientEmail":"firebase-adminsdk-dmlmt@chat-web-app-d4c52.iam.gserviceaccount.com","httpClient":{"retry":{"maxRetries":4,"statusCodes":[503],"ioErrorCodes":["ECONNRESET","ETIMEDOUT"],"backOffFactor":0.5,"maxDelayInMillis":60000}}},"databaseURL":"https://chat-web-app-d4c52-default-rtdb.asia-southeast1.firebasedatabase.app"} {"metadata":{"emulator":{"name":"functions"},"function":{"name":"asia-south1-sendFcm"},"extension":{},"message":"[runtime-status] [3908] initializeApp(DEFAULT) {\"credential\":{\"implicit\":false,\"projectId\":\"chat-web-app-d4c52\",\"privateKey\":\"-----BEGIN PRIVATE KEY-----\\nMIIEvgIBADANBgkqhkiG9w0BAQEFAASCBKgwggSkAgEAAoIBAQCtj+nk+hRimlh8\\nMflyzjFfYBC5flM+D2wYL6JZT0FqJDmI3Hguglaosml89vj9p9rmKCT4lxPNzQET\\nW8U/RF7NaFhVb+axxnHQd0zGadbWDcz26xTW+bkdIEry9qCy1GZSQ3odwI0ltKY7\\n6D1LBxshtu6oYSFhfC4cmcrSEHeosH9PAiKoSvHGQr8qT6xNr7PMeukHD5aOBe3E\\nZToHyrqvdqKn0d2zjwZaMNggLkdJlFC/Dac6ovZwAmc/Z5JomM88enHlAAj7RV9B\\nG5DAiTi2Jpr7ErgyF5jehYvMhlTl+OmZqskApAVJuHhSgjJpnt6a7X0NKGnERTEk\\n01EQ4Xn7AgMBAAECggEAM3OKPtrz2BcxS//0ltgRQtjTnGmae7dOsAzO7/LSzYhX\\nlf7lkcQJtJDPPMBqJ6fu+HPGIfuHX2b6fqah3pOCFxprtUgq92CAtO/ozpjpmyMU\\nM86UqvX0rnG4RjZehST6AEEInnFKZncbIH9ETE2a+W+laD0DDEcn1EqzGXrQPi03\\nPaUIuNfiKoMMIAjYNDa+h898KLlR3EZG8kkLk5FSAy+9beX/AYy3flpNlU2CbKPI\\nbIxVOkI4POQ2WvTSE4zm1FvQbARLJSUyZ4BQZiwLVjwI8ZPyCjylRhiM3E4CSRJ2\\n3ZEw6O/LHyicaRvtJ1B62+lg7aR8RCiMndzzWBlmgQKBgQDbRKMlE43ZkLgp5Of7\\n0NJdc3CJX2zVGtO6H9vKYzjm2DxpA/zDAD4BvOrcq2Y+UjmU/tr7U7VIjFUjTqLD\\nxLkdDMpI5tH9AtY+r7zgcQJOm6HJcDH4vKFlOdcRXTrQ7sQgkwOq2owYGpRjWxzn\\neo0a6w6eAP/VXtE3em2gRlkqSwKBgQDKoyqRdA1UDaA2CnchKYxKMQJPUBG5NOTj\\n45M3FGcqlyoxqNjjJx5MuvoIHHSnzFDqcfhailQpjX6GGWrE7+QykKKNI6U6s/Zu\\n4cP+Y+s/4Zpi/mahOo1YxBI2578RmkXqfqq40SwqVqzPhy1XHomKLZMeoCRxftjm\\nV8i2QkYhEQKBgQC8bj/FnQhJ8BRT7GNwBATESnBrnZXpjSRmzvoS8zHzL+C6XrLY\\n4VxoIfGzsZgr9n2FjX6ifU1NC0wfC3TUyDpMvLEZ9UKAK+/x7xRhzLwu0ZA3jDNl\\njrUkSJCKW5Qv+QCS/cQpD6dVD4J139b3Flosx9PH9RPmSZWCF7QeCFaYAQKBgQCw\\nvs8jXZE+jj/+wvQT1dSK5eJ44YMEA1HeQCKo+T/fE0j3VaoPv5AbJz9tEbzim0C8\\nrToNZvhv4f3I46SQMBnfzO4rozq8UDoTjxJP8kFAT/xEeld0K8kb8rFceJjctq5j\\nEabBW5llOIK05Ng0U+ttvcDEBrSi1hxEFa944aefsQKBgDz8x8OdH60pQHAjXILo\\nwOuRr2+ROvU27GlgEdMb32z6vfTmsApvETM22gQ/HULJ4wLBoxV7m1kwy6p9qna6\\ns7SBL/2cUi33InPxGme7cFKlje3/rkItsofATfQYL4oK2MkIY63URHowRQtwMEWb\\ni88XFlQk1nA1uP8OB1oLm/+R\\n-----END PRIVATE KEY-----\\n\",\"clientEmail\":\"firebase-adminsdk-dmlmt@chat-web-app-d4c52.iam.gserviceaccount.com\",\"httpClient\":{\"retry\":{\"maxRetries\":4,\"statusCodes\":[503],\"ioErrorCodes\":[\"ECONNRESET\",\"ETIMEDOUT\"],\"backOffFactor\":0.5,\"maxDelayInMillis\":60000}}},\"databaseURL\":\"https://chat-web-app-d4c52-default-rtdb.asia-southeast1.firebasedatabase.app\"}"}}
[warn] !  functions: The Realtime Database emulator is not running, so calls to Realtime Database will affect production. {"metadata":{"emulator":{"name":"functions"},"function":{"name":"asia-south1-sendFcm"},"extension":{},"message":"The Realtime Database emulator is not running, so calls to Realtime Database will affect production."}}
[debug] [2022-12-06T09:48:20.469Z] [runtime-status] [3908] Functions runtime initialized. {"cwd":"F:\\Projects\\New\\.vscode\\React\\chat-app\\functions","node_version":"18.12.1"} {"metadata":{"emulator":{"name":"functions"},"function":{"name":"asia-south1-sendFcm"},"extension":{},"message":"[runtime-status] [3908] Functions runtime initialized. {\"cwd\":\"F:\\\\Projects\\\\New\\\\.vscode\\\\React\\\\chat-app\\\\functions\",\"node_version\":\"18.12.1\"}"}}
[debug] [2022-12-06T09:48:20.470Z] [runtime-status] [3908] Listening to port: \\?\pipe\fire_emu_d973348786b8274d {"metadata":{"emulator":{"name":"functions"},"function":{"name":"asia-south1-sendFcm"},"extension":{},"message":"[runtime-status] [3908] Listening to port: \\\\?\\pipe\\fire_emu_d973348786b8274d"}}
[debug] [2022-12-06T09:48:20.561Z] [worker-asia-south1-sendFcm-6e7b413d-8a55-4d3d-8fdc-8274c01aa01b]: IDLE {"metadata":{"emulator":{"name":"functions"},"message":"[worker-asia-south1-sendFcm-6e7b413d-8a55-4d3d-8fdc-8274c01aa01b]: IDLE"}}
[debug] [2022-12-06T09:48:20.562Z] [worker-pool] submitRequest(triggerId=asia-south1-sendFcm) {"metadata":{"emulator":{"name":"functions"},"message":"[worker-pool] submitRequest(triggerId=asia-south1-sendFcm)"}}
[debug] [2022-12-06T09:48:20.562Z] [worker-asia-south1-sendFcm-6e7b413d-8a55-4d3d-8fdc-8274c01aa01b]: BUSY {"metadata":{"emulator":{"name":"functions"},"message":"[worker-asia-south1-sendFcm-6e7b413d-8a55-4d3d-8fdc-8274c01aa01b]: BUSY"}}
[info] i  functions: Beginning execution of "sendFcm" {"metadata":{"emulator":{"name":"functions"},"function":{"name":"asia-south1-sendFcm"},"extension":{},"message":"Beginning execution of \"sendFcm\""}}
[debug] [2022-12-06T09:48:20.575Z] [worker-asia-south1-sendFcm-6e7b413d-8a55-4d3d-8fdc-8274c01aa01b]: IDLE {"metadata":{"emulator":{"name":"functions"},"message":"[worker-asia-south1-sendFcm-6e7b413d-8a55-4d3d-8fdc-8274c01aa01b]: IDLE"}}
[debug] [2022-12-06T09:48:20.575Z] [work-queue] {"queueLength":0,"workRunningCount":0}
[info] i  functions: Finished "sendFcm" in 3.2666ms {"metadata":{"emulator":{"name":"functions"},"function":{"name":"asia-south1-sendFcm"},"extension":{},"message":"Finished \"sendFcm\" in 3.2666ms"}}
[debug] [2022-12-06T09:48:20.578Z] [work-queue] {"queueLength":1,"workRunningCount":0}
[debug] [2022-12-06T09:48:20.578Z] [work-queue] {"queueLength":0,"workRunningCount":1}
[debug] [2022-12-06T09:48:20.578Z] Accepted request POST /chat-web-app-d4c52/asia-south1/sendFcm --> asia-south1-sendFcm
[debug] [2022-12-06T09:48:20.579Z] ID Token: eyJhbGciOiJSUzI1NiIsImtpZCI6Ijk1MWMwOGM1MTZhZTM1MmI4OWU0ZDJlMGUxNDA5NmY3MzQ5NDJhODciLCJ0eXAiOiJKV1QifQ.eyJuYW1lIjoiTWlsYW4gU2hhcm1hIiwicGljdHVyZSI6Imh0dHBzOi8vbGgzLmdvb2dsZXVzZXJjb250ZW50LmNvbS9hL0FMbTV3dTFUZTU4TUNhN0llNlpEMUcyTGhVRkc0Zm9FZEI0eTlmRzRPUTBJZHc9czk2LWMiLCJpc3MiOiJodHRwczovL3NlY3VyZXRva2VuLmdvb2dsZS5jb20vY2hhdC13ZWItYXBwLWQ0YzUyIiwiYXVkIjoiY2hhdC13ZWItYXBwLWQ0YzUyIiwiYXV0aF90aW1lIjoxNjcwMDkzMzMwLCJ1c2VyX2lkIjoiSndzN3p3M0lkbVlkbVVaVWR3a2hZNzV2eWR5MSIsInN1YiI6Ikp3czd6dzNJZG1ZZG1VWlVkd2toWTc1dnlkeTEiLCJpYXQiOjE2NzAzMjAwMDIsImV4cCI6MTY3MDMyMzYwMiwiZW1haWwiOiJtaWxhbnNoYXJtYTQ0OUBnbWFpbC5jb20iLCJlbWFpbF92ZXJpZmllZCI6dHJ1ZSwiZmlyZWJhc2UiOnsiaWRlbnRpdGllcyI6eyJnb29nbGUuY29tIjpbIjExMTgzNTc0MDk0MzQ1OTcyOTA5NyJdLCJlbWFpbCI6WyJtaWxhbnNoYXJtYTQ0OUBnbWFpbC5jb20iXX0sInNpZ25faW5fcHJvdmlkZXIiOiJnb29nbGUuY29tIn19.TdJb9OQ-Xz1fKZw85m90SkMt_OcOeR1-ok_GuoKtoR6UUerU2oXZyPxonobLeemuDkO8UJz1NVj_dx41_T9RrkrvZDS2QEW2px82vdpbB32qhklfnWKTRQjLwUfT4pjMrhqamZEQOFNo1Hrj7WLR1Jra4ueT9TewLP9vUeceqhPqypM3JNGlNV9wKw87kfq74Hx7rFUWcgBElvfyjZWKlE3IZE-8gS6myV8a-nO_KCBgRGAQQqs7ajnAm3GTlfSudp-L4ZQgb08ulySCrKcjZvJ8pPd5og1PAArZiEveEm1dK1XLDNrXY-LhuKTcvIjssASi2qZvzhakpz1PBEJuxA
[debug] [2022-12-06T09:48:20.589Z] [functions] Runtime ready! Sending request! {"metadata":{"emulator":{"name":"functions"},"message":"[functions] Runtime ready! Sending request!"}}
[debug] [2022-12-06T09:48:20.590Z] [functions] Got req.url=/chat-web-app-d4c52/asia-south1/sendFcm, mapping to path=/ {"metadata":{"emulator":{"name":"functions"},"message":"[functions] Got req.url=/chat-web-app-d4c52/asia-south1/sendFcm, mapping to path=/"}}
[debug] [2022-12-06T09:48:20.590Z] [worker-pool] submitRequest(triggerId=asia-south1-sendFcm) {"metadata":{"emulator":{"name":"functions"},"message":"[worker-pool] submitRequest(triggerId=asia-south1-sendFcm)"}}
[debug] [2022-12-06T09:48:20.590Z] [worker-asia-south1-sendFcm-6e7b413d-8a55-4d3d-8fdc-8274c01aa01b]: BUSY {"metadata":{"emulator":{"name":"functions"},"message":"[worker-asia-south1-sendFcm-6e7b413d-8a55-4d3d-8fdc-8274c01aa01b]: BUSY"}}
[info] i  functions: Beginning execution of "sendFcm" {"metadata":{"emulator":{"name":"functions"},"function":{"name":"asia-south1-sendFcm"},"extension":{},"message":"Beginning execution of \"sendFcm\""}}
[info] >  {"verifications":{"app":"MISSING","auth":"MISSING"},"logging.googleapis.com/labels":{"firebase-log-type":"callable-request-verification"},"severity":"INFO","message":"Callable request verification passed"} {"user":{"verifications":{"app":"MISSING","auth":"MISSING"},"logging.googleapis.com/labels":{"firebase-log-type":"callable-request-verification"},"severity":"INFO","message":"Callable request verification passed"},"metadata":{"emulator":{"name":"functions"},"function":{"name":"asia-south1-sendFcm"},"extension":{},"message":"\u001b[90m> \u001b[39m {\"verifications\":{\"app\":\"MISSING\",\"auth\":\"MISSING\"},\"logging.googleapis.com/labels\":{\"firebase-log-type\":\"callable-request-verification\"},\"severity\":\"INFO\",\"message\":\"Callable request verification passed\"}"}}
[debug] [2022-12-06T09:48:20.623Z] [runtime-status] [3908] Callable functions auth override {"key":"x-callable-context-auth","value":"%7B%22uid%22%3A%22Jws7zw3IdmYdmUZUdwkhY75vydy1%22%2C%22token%22%3A%7B%22name%22%3A%22Milan%20Sharma%22%2C%22picture%22%3A%22https%3A%2F%2Flh3.googleusercontent.com%2Fa%2FALm5wu1Te58MCa7Ie6ZD1G2LhUFG4foEdB4y9fG4OQ0Idw%3Ds96-c%22%2C%22iss%22%3A%22https%3A%2F%2Fsecuretoken.google.com%2Fchat-web-app-d4c52%22%2C%22aud%22%3A%22chat-web-app-d4c52%22%2C%22auth_time%22%3A1670093330%2C%22user_id%22%3A%22Jws7zw3IdmYdmUZUdwkhY75vydy1%22%2C%22sub%22%3A%22Jws7zw3IdmYdmUZUdwkhY75vydy1%22%2C%22iat%22%3A1670320002%2C%22exp%22%3A1670323602%2C%22email%22%3A%22milansharma449%40gmail.com%22%2C%22email_verified%22%3Atrue%2C%22firebase%22%3A%7B%22identities%22%3A%7B%22google.com%22%3A%5B%22111835740943459729097%22%5D%2C%22email%22%3A%5B%22milansharma449%40gmail.com%22%5D%7D%2C%22sign_in_provider%22%3A%22google.com%22%7D%2C%22uid%22%3A%22Jws7zw3IdmYdmUZUdwkhY75vydy1%22%7D%7D"} {"metadata":{"emulator":{"name":"functions"},"function":{"name":"asia-south1-sendFcm"},"extension":{},"message":"[runtime-status] [3908] Callable functions auth override {\"key\":\"x-callable-context-auth\",\"value\":\"%7B%22uid%22%3A%22Jws7zw3IdmYdmUZUdwkhY75vydy1%22%2C%22token%22%3A%7B%22name%22%3A%22Milan%20Sharma%22%2C%22picture%22%3A%22https%3A%2F%2Flh3.googleusercontent.com%2Fa%2FALm5wu1Te58MCa7Ie6ZD1G2LhUFG4foEdB4y9fG4OQ0Idw%3Ds96-c%22%2C%22iss%22%3A%22https%3A%2F%2Fsecuretoken.google.com%2Fchat-web-app-d4c52%22%2C%22aud%22%3A%22chat-web-app-d4c52%22%2C%22auth_time%22%3A1670093330%2C%22user_id%22%3A%22Jws7zw3IdmYdmUZUdwkhY75vydy1%22%2C%22sub%22%3A%22Jws7zw3IdmYdmUZUdwkhY75vydy1%22%2C%22iat%22%3A1670320002%2C%22exp%22%3A1670323602%2C%22email%22%3A%22milansharma449%40gmail.com%22%2C%22email_verified%22%3Atrue%2C%22firebase%22%3A%7B%22identities%22%3A%7B%22google.com%22%3A%5B%22111835740943459729097%22%5D%2C%22email%22%3A%5B%22milansharma449%40gmail.com%22%5D%7D%2C%22sign_in_provider%22%3A%22google.com%22%7D%2C%22uid%22%3A%22Jws7zw3IdmYdmUZUdwkhY75vydy1%22%7D%7D\"}"}}
[debug] [2022-12-06T09:48:21.931Z] [worker-asia-south1-sendFcm-6e7b413d-8a55-4d3d-8fdc-8274c01aa01b]: IDLE {"metadata":{"emulator":{"name":"functions"},"message":"[worker-asia-south1-sendFcm-6e7b413d-8a55-4d3d-8fdc-8274c01aa01b]: IDLE"}}
[debug] [2022-12-06T09:48:21.931Z] [work-queue] {"queueLength":0,"workRunningCount":0}
[info] i  functions: Finished "sendFcm" in 1311.9014ms {"metadata":{"emulator":{"name":"functions"},"function":{"name":"asia-south1-sendFcm"},"extension":{},"message":"Finished \"sendFcm\" in 1311.9014ms"}}
[debug] [2022-12-06T09:57:27.096Z] [work-queue] {"queueLength":1,"workRunningCount":0}
[debug] [2022-12-06T09:57:27.098Z] [work-queue] {"queueLength":0,"workRunningCount":1}
[debug] [2022-12-06T09:57:27.098Z] Accepted request OPTIONS /chat-web-app-d4c52/asia-south1/sendFcm --> asia-south1-sendFcm
[debug] [2022-12-06T09:57:27.103Z] [functions] Runtime ready! Sending request! {"metadata":{"emulator":{"name":"functions"},"message":"[functions] Runtime ready! Sending request!"}}
[debug] [2022-12-06T09:57:27.103Z] [functions] Got req.url=/chat-web-app-d4c52/asia-south1/sendFcm, mapping to path=/ {"metadata":{"emulator":{"name":"functions"},"message":"[functions] Got req.url=/chat-web-app-d4c52/asia-south1/sendFcm, mapping to path=/"}}
[debug] [2022-12-06T09:57:27.103Z] [worker-pool] submitRequest(triggerId=asia-south1-sendFcm) {"metadata":{"emulator":{"name":"functions"},"message":"[worker-pool] submitRequest(triggerId=asia-south1-sendFcm)"}}
[debug] [2022-12-06T09:57:27.103Z] [worker-asia-south1-sendFcm-6e7b413d-8a55-4d3d-8fdc-8274c01aa01b]: BUSY {"metadata":{"emulator":{"name":"functions"},"message":"[worker-asia-south1-sendFcm-6e7b413d-8a55-4d3d-8fdc-8274c01aa01b]: BUSY"}}
[info] i  functions: Beginning execution of "sendFcm" {"metadata":{"emulator":{"name":"functions"},"function":{"name":"asia-south1-sendFcm"},"extension":{},"message":"Beginning execution of \"sendFcm\""}}
[debug] [2022-12-06T09:57:27.109Z] [worker-asia-south1-sendFcm-6e7b413d-8a55-4d3d-8fdc-8274c01aa01b]: IDLE {"metadata":{"emulator":{"name":"functions"},"message":"[worker-asia-south1-sendFcm-6e7b413d-8a55-4d3d-8fdc-8274c01aa01b]: IDLE"}}
[debug] [2022-12-06T09:57:27.110Z] [work-queue] {"queueLength":0,"workRunningCount":0}
[info] i  functions: Finished "sendFcm" in 0.756ms {"metadata":{"emulator":{"name":"functions"},"function":{"name":"asia-south1-sendFcm"},"extension":{},"message":"Finished \"sendFcm\" in 0.756ms"}}
[debug] [2022-12-06T09:57:27.117Z] [work-queue] {"queueLength":1,"workRunningCount":0}
[debug] [2022-12-06T09:57:27.118Z] [work-queue] {"queueLength":0,"workRunningCount":1}
[debug] [2022-12-06T09:57:27.118Z] Accepted request POST /chat-web-app-d4c52/asia-south1/sendFcm --> asia-south1-sendFcm
[debug] [2022-12-06T09:57:27.118Z] ID Token: eyJhbGciOiJSUzI1NiIsImtpZCI6Ijk1MWMwOGM1MTZhZTM1MmI4OWU0ZDJlMGUxNDA5NmY3MzQ5NDJhODciLCJ0eXAiOiJKV1QifQ.eyJuYW1lIjoiTWlsYW4gU2hhcm1hIiwicGljdHVyZSI6Imh0dHBzOi8vbGgzLmdvb2dsZXVzZXJjb250ZW50LmNvbS9hL0FMbTV3dTFUZTU4TUNhN0llNlpEMUcyTGhVRkc0Zm9FZEI0eTlmRzRPUTBJZHc9czk2LWMiLCJpc3MiOiJodHRwczovL3NlY3VyZXRva2VuLmdvb2dsZS5jb20vY2hhdC13ZWItYXBwLWQ0YzUyIiwiYXVkIjoiY2hhdC13ZWItYXBwLWQ0YzUyIiwiYXV0aF90aW1lIjoxNjcwMDkzMzMwLCJ1c2VyX2lkIjoiSndzN3p3M0lkbVlkbVVaVWR3a2hZNzV2eWR5MSIsInN1YiI6Ikp3czd6dzNJZG1ZZG1VWlVkd2toWTc1dnlkeTEiLCJpYXQiOjE2NzAzMjAwMDIsImV4cCI6MTY3MDMyMzYwMiwiZW1haWwiOiJtaWxhbnNoYXJtYTQ0OUBnbWFpbC5jb20iLCJlbWFpbF92ZXJpZmllZCI6dHJ1ZSwiZmlyZWJhc2UiOnsiaWRlbnRpdGllcyI6eyJnb29nbGUuY29tIjpbIjExMTgzNTc0MDk0MzQ1OTcyOTA5NyJdLCJlbWFpbCI6WyJtaWxhbnNoYXJtYTQ0OUBnbWFpbC5jb20iXX0sInNpZ25faW5fcHJvdmlkZXIiOiJnb29nbGUuY29tIn19.TdJb9OQ-Xz1fKZw85m90SkMt_OcOeR1-ok_GuoKtoR6UUerU2oXZyPxonobLeemuDkO8UJz1NVj_dx41_T9RrkrvZDS2QEW2px82vdpbB32qhklfnWKTRQjLwUfT4pjMrhqamZEQOFNo1Hrj7WLR1Jra4ueT9TewLP9vUeceqhPqypM3JNGlNV9wKw87kfq74Hx7rFUWcgBElvfyjZWKlE3IZE-8gS6myV8a-nO_KCBgRGAQQqs7ajnAm3GTlfSudp-L4ZQgb08ulySCrKcjZvJ8pPd5og1PAArZiEveEm1dK1XLDNrXY-LhuKTcvIjssASi2qZvzhakpz1PBEJuxA
[debug] [2022-12-06T09:57:27.123Z] [functions] Runtime ready! Sending request! {"metadata":{"emulator":{"name":"functions"},"message":"[functions] Runtime ready! Sending request!"}}
[debug] [2022-12-06T09:57:27.124Z] [functions] Got req.url=/chat-web-app-d4c52/asia-south1/sendFcm, mapping to path=/ {"metadata":{"emulator":{"name":"functions"},"message":"[functions] Got req.url=/chat-web-app-d4c52/asia-south1/sendFcm, mapping to path=/"}}
[debug] [2022-12-06T09:57:27.124Z] [worker-pool] submitRequest(triggerId=asia-south1-sendFcm) {"metadata":{"emulator":{"name":"functions"},"message":"[worker-pool] submitRequest(triggerId=asia-south1-sendFcm)"}}
[debug] [2022-12-06T09:57:27.124Z] [worker-asia-south1-sendFcm-6e7b413d-8a55-4d3d-8fdc-8274c01aa01b]: BUSY {"metadata":{"emulator":{"name":"functions"},"message":"[worker-asia-south1-sendFcm-6e7b413d-8a55-4d3d-8fdc-8274c01aa01b]: BUSY"}}
[info] i  functions: Beginning execution of "sendFcm" {"metadata":{"emulator":{"name":"functions"},"function":{"name":"asia-south1-sendFcm"},"extension":{},"message":"Beginning execution of \"sendFcm\""}}
[info] >  {"verifications":{"app":"MISSING","auth":"MISSING"},"logging.googleapis.com/labels":{"firebase-log-type":"callable-request-verification"},"severity":"INFO","message":"Callable request verification passed"} {"user":{"verifications":{"app":"MISSING","auth":"MISSING"},"logging.googleapis.com/labels":{"firebase-log-type":"callable-request-verification"},"severity":"INFO","message":"Callable request verification passed"},"metadata":{"emulator":{"name":"functions"},"function":{"name":"asia-south1-sendFcm"},"extension":{},"message":"\u001b[90m> \u001b[39m {\"verifications\":{\"app\":\"MISSING\",\"auth\":\"MISSING\"},\"logging.googleapis.com/labels\":{\"firebase-log-type\":\"callable-request-verification\"},\"severity\":\"INFO\",\"message\":\"Callable request verification passed\"}"}}
[debug] [2022-12-06T09:57:27.129Z] [runtime-status] [3908] Callable functions auth override {"key":"x-callable-context-auth","value":"%7B%22uid%22%3A%22Jws7zw3IdmYdmUZUdwkhY75vydy1%22%2C%22token%22%3A%7B%22name%22%3A%22Milan%20Sharma%22%2C%22picture%22%3A%22https%3A%2F%2Flh3.googleusercontent.com%2Fa%2FALm5wu1Te58MCa7Ie6ZD1G2LhUFG4foEdB4y9fG4OQ0Idw%3Ds96-c%22%2C%22iss%22%3A%22https%3A%2F%2Fsecuretoken.google.com%2Fchat-web-app-d4c52%22%2C%22aud%22%3A%22chat-web-app-d4c52%22%2C%22auth_time%22%3A1670093330%2C%22user_id%22%3A%22Jws7zw3IdmYdmUZUdwkhY75vydy1%22%2C%22sub%22%3A%22Jws7zw3IdmYdmUZUdwkhY75vydy1%22%2C%22iat%22%3A1670320002%2C%22exp%22%3A1670323602%2C%22email%22%3A%22milansharma449%40gmail.com%22%2C%22email_verified%22%3Atrue%2C%22firebase%22%3A%7B%22identities%22%3A%7B%22google.com%22%3A%5B%22111835740943459729097%22%5D%2C%22email%22%3A%5B%22milansharma449%40gmail.com%22%5D%7D%2C%22sign_in_provider%22%3A%22google.com%22%7D%2C%22uid%22%3A%22Jws7zw3IdmYdmUZUdwkhY75vydy1%22%7D%7D"} {"metadata":{"emulator":{"name":"functions"},"function":{"name":"asia-south1-sendFcm"},"extension":{},"message":"[runtime-status] [3908] Callable functions auth override {\"key\":\"x-callable-context-auth\",\"value\":\"%7B%22uid%22%3A%22Jws7zw3IdmYdmUZUdwkhY75vydy1%22%2C%22token%22%3A%7B%22name%22%3A%22Milan%20Sharma%22%2C%22picture%22%3A%22https%3A%2F%2Flh3.googleusercontent.com%2Fa%2FALm5wu1Te58MCa7Ie6ZD1G2LhUFG4foEdB4y9fG4OQ0Idw%3Ds96-c%22%2C%22iss%22%3A%22https%3A%2F%2Fsecuretoken.google.com%2Fchat-web-app-d4c52%22%2C%22aud%22%3A%22chat-web-app-d4c52%22%2C%22auth_time%22%3A1670093330%2C%22user_id%22%3A%22Jws7zw3IdmYdmUZUdwkhY75vydy1%22%2C%22sub%22%3A%22Jws7zw3IdmYdmUZUdwkhY75vydy1%22%2C%22iat%22%3A1670320002%2C%22exp%22%3A1670323602%2C%22email%22%3A%22milansharma449%40gmail.com%22%2C%22email_verified%22%3Atrue%2C%22firebase%22%3A%7B%22identities%22%3A%7B%22google.com%22%3A%5B%22111835740943459729097%22%5D%2C%22email%22%3A%5B%22milansharma449%40gmail.com%22%5D%7D%2C%22sign_in_provider%22%3A%22google.com%22%7D%2C%22uid%22%3A%22Jws7zw3IdmYdmUZUdwkhY75vydy1%22%7D%7D\"}"}}
[debug] [2022-12-06T09:57:27.329Z] [worker-asia-south1-sendFcm-6e7b413d-8a55-4d3d-8fdc-8274c01aa01b]: IDLE {"metadata":{"emulator":{"name":"functions"},"message":"[worker-asia-south1-sendFcm-6e7b413d-8a55-4d3d-8fdc-8274c01aa01b]: IDLE"}}
[debug] [2022-12-06T09:57:27.329Z] [work-queue] {"queueLength":0,"workRunningCount":0}
[info] i  functions: Finished "sendFcm" in 201.8539ms {"metadata":{"emulator":{"name":"functions"},"function":{"name":"asia-south1-sendFcm"},"extension":{},"message":"Finished \"sendFcm\" in 201.8539ms"}}
